# JRE version: Java(TM) SE Runtime Environment (8.0_162-b12) (build 1.8.0_162-b12)
# Java VM: Java HotSpot(TM) 64-Bit Server VM (25.162-b12 mixed mode bsd-amd64 compressed oops)
Heap:
 PSYoungGen      total 187904K, used 64089K [0x00000007b0000000, 0x00000007c0000000, 0x00000007c0000000)
  eden space 150528K, 18% used [0x00000007b0000000,0x00000007b1a92f50,0x00000007b9300000)
  from space 37376K, 98% used [0x00000007b9300000,0x00000007bb7035b8,0x00000007bb780000)
  to   space 56320K, 0% used [0x00000007bc900000,0x00000007bc900000,0x00000007c0000000)
 ParOldGen       total 524288K, used 81011K [0x0000000790000000, 0x00000007b0000000, 0x00000007b0000000)
  object space 524288K, 15% used [0x0000000790000000,0x0000000794f1cf60,0x00000007b0000000)
 Metaspace       used 69570K, capacity 73940K, committed 74152K, reserved 1112064K
  class space    used 9195K, capacity 10624K, committed 10672K, reserved 1048576K
GC Heap History (10 events):
Event: 923.214 GC heap before
{Heap before GC invocations=32 (full 3):
 PSYoungGen      total 203776K, used 203757K [0x00000007b0000000, 0x00000007c0000000, 0x00000007c0000000)
  eden space 165888K, 100% used [0x00000007b0000000,0x00000007ba200000,0x00000007ba200000)
  from space 37888K, 99% used [0x00000007bdb00000,0x00000007bfffb5d8,0x00000007c0000000)
  to   space 48128K, 0% used [0x00000007ba200000,0x00000007ba200000,0x00000007bd100000)
 ParOldGen       total 524288K, used 80979K [0x0000000790000000, 0x00000007b0000000, 0x00000007b0000000)
  object space 524288K, 15% used [0x0000000790000000,0x0000000794f14f60,0x00000007b0000000)
 Metaspace       used 69053K, capacity 72738K, committed 72872K, reserved 1112064K
  class space    used 9078K, capacity 10340K, committed 10416K, reserved 1048576K
Event: 923.246 GC heap after
Heap after GC invocations=32 (full 3):
 PSYoungGen      total 199168K, used 35191K [0x00000007b0000000, 0x00000007c0000000, 0x00000007c0000000)
  eden space 163840K, 0% used [0x00000007b0000000,0x00000007b0000000,0x00000007ba000000)
  from space 35328K, 99% used [0x00000007ba200000,0x00000007bc45dd38,0x00000007bc480000)
  to   space 50688K, 0% used [0x00000007bce80000,0x00000007bce80000,0x00000007c0000000)
 ParOldGen       total 524288K, used 80987K [0x0000000790000000, 0x00000007b0000000, 0x00000007b0000000)
  object space 524288K, 15% used [0x0000000790000000,0x0000000794f16f60,0x00000007b0000000)
 Metaspace       used 69053K, capacity 72738K, committed 72872K, reserved 1112064K
  class space    used 9078K, capacity 10340K, committed 10416K, reserved 1048576K
}
Event: 979.010 GC heap before
{Heap before GC invocations=33 (full 3):
 PSYoungGen      total 199168K, used 199031K [0x00000007b0000000, 0x00000007c0000000, 0x00000007c0000000)
  eden space 163840K, 100% used [0x00000007b0000000,0x00000007ba000000,0x00000007ba000000)
  from space 35328K, 99% used [0x00000007ba200000,0x00000007bc45dd38,0x00000007bc480000)
  to   space 50688K, 0% used [0x00000007bce80000,0x00000007bce80000,0x00000007c0000000)
 ParOldGen       total 524288K, used 80987K [0x0000000790000000, 0x00000007b0000000, 0x00000007b0000000)
  object space 524288K, 15% used [0x0000000790000000,0x0000000794f16f60,0x00000007b0000000)
 Metaspace       used 69254K, capacity 73168K, committed 73256K, reserved 1112064K
  class space    used 9123K, capacity 10461K, committed 10544K, reserved 1048576K
Event: 979.039 GC heap after
Heap after GC invocations=33 (full 3):
 PSYoungGen      total 207360K, used 36413K [0x00000007b0000000, 0x00000007c0000000, 0x00000007c0000000)
  eden space 156672K, 0% used [0x00000007b0000000,0x00000007b0000000,0x00000007b9900000)
  from space 50688K, 71% used [0x00000007bce80000,0x00000007bf20f5c8,0x00000007c0000000)
  to   space 52736K, 0% used [0x00000007b9900000,0x00000007b9900000,0x00000007bcc80000)
 ParOldGen       total 524288K, used 80987K [0x0000000790000000, 0x00000007b0000000, 0x00000007b0000000)
  object space 524288K, 15% used [0x0000000790000000,0x0000000794f16f60,0x00000007b0000000)
 Metaspace       used 69254K, capacity 73168K, committed 73256K, reserved 1112064K
  class space    used 9123K, capacity 10461K, committed 10544K, reserved 1048576K
}
Event: 1007.264 GC heap before
{Heap before GC invocations=34 (full 3):
 PSYoungGen      total 207360K, used 193085K [0x00000007b0000000, 0x00000007c0000000, 0x00000007c0000000)
  eden space 156672K, 100% used [0x00000007b0000000,0x00000007b9900000,0x00000007b9900000)
  from space 50688K, 71% used [0x00000007bce80000,0x00000007bf20f5c8,0x00000007c0000000)
  to   space 52736K, 0% used [0x00000007b9900000,0x00000007b9900000,0x00000007bcc80000)
 ParOldGen       total 524288K, used 80987K [0x0000000790000000, 0x00000007b0000000, 0x00000007b0000000)
  object space 524288K, 15% used [0x0000000790000000,0x0000000794f16f60,0x00000007b0000000)
 Metaspace       used 69447K, capacity 73612K, committed 73896K, reserved 1112064K
  class space    used 9166K, capacity 10575K, committed 10672K, reserved 1048576K
Event: 1007.292 GC heap after
Heap after GC invocations=34 (full 3):
 PSYoungGen      total 192512K, used 36892K [0x00000007b0000000, 0x00000007c0000000, 0x00000007c0000000)
  eden space 155136K, 0% used [0x00000007b0000000,0x00000007b0000000,0x00000007b9780000)
  from space 37376K, 98% used [0x00000007b9900000,0x00000007bbd070c0,0x00000007bbd80000)
  to   space 54272K, 0% used [0x00000007bcb00000,0x00000007bcb00000,0x00000007c0000000)
 ParOldGen       total 524288K, used 80995K [0x0000000790000000, 0x00000007b0000000, 0x00000007b0000000)
  object space 524288K, 15% used [0x0000000790000000,0x0000000794f18f60,0x00000007b0000000)
 Metaspace       used 69447K, capacity 73612K, committed 73896K, reserved 1112064K
  class space    used 9166K, capacity 10575K, committed 10672K, reserved 1048576K
}
Event: 1031.428 GC heap before
{Heap before GC invocations=35 (full 3):
 PSYoungGen      total 192512K, used 191976K [0x00000007b0000000, 0x00000007c0000000, 0x00000007c0000000)
  eden space 155136K, 99% used [0x00000007b0000000,0x00000007b9772f50,0x00000007b9780000)
  from space 37376K, 98% used [0x00000007b9900000,0x00000007bbd070c0,0x00000007bbd80000)
  to   space 54272K, 0% used [0x00000007bcb00000,0x00000007bcb00000,0x00000007c0000000)
 ParOldGen       total 524288K, used 80995K [0x0000000790000000, 0x00000007b0000000, 0x00000007b0000000)
  object space 524288K, 15% used [0x0000000790000000,0x0000000794f18f60,0x00000007b0000000)
 Metaspace       used 69509K, capacity 73786K, committed 73896K, reserved 1112064K
  class space    used 9182K, capacity 10604K, committed 10672K, reserved 1048576K
Event: 1031.457 GC heap after
Heap after GC invocations=35 (full 3):
 PSYoungGen      total 204800K, used 37100K [0x00000007b0000000, 0x00000007c0000000, 0x00000007c0000000)
  eden space 150528K, 0% used [0x00000007b0000000,0x00000007b0000000,0x00000007b9300000)
  from space 54272K, 68% used [0x00000007bcb00000,0x00000007bef3b0f0,0x00000007c0000000)
  to   space 55808K, 0% used [0x00000007b9300000,0x00000007b9300000,0x00000007bc980000)
 ParOldGen       total 524288K, used 81003K [0x0000000790000000, 0x00000007b0000000, 0x00000007b0000000)
  object space 524288K, 15% used [0x0000000790000000,0x0000000794f1af60,0x00000007b0000000)
 Metaspace       used 69509K, capacity 73786K, committed 73896K, reserved 1112064K
  class space    used 9182K, capacity 10604K, committed 10672K, reserved 1048576K
}
Event: 1061.411 GC heap before
{Heap before GC invocations=36 (full 3):
 PSYoungGen      total 204800K, used 187628K [0x00000007b0000000, 0x00000007c0000000, 0x00000007c0000000)
  eden space 150528K, 100% used [0x00000007b0000000,0x00000007b9300000,0x00000007b9300000)
  from space 54272K, 68% used [0x00000007bcb00000,0x00000007bef3b0f0,0x00000007c0000000)
  to   space 55808K, 0% used [0x00000007b9300000,0x00000007b9300000,0x00000007bc980000)
 ParOldGen       total 524288K, used 81003K [0x0000000790000000, 0x00000007b0000000, 0x00000007b0000000)
  object space 524288K, 15% used [0x0000000790000000,0x0000000794f1af60,0x00000007b0000000)
 Metaspace       used 69543K, capacity 73852K, committed 74152K, reserved 1112064K
  class space    used 9189K, capacity 10616K, committed 10672K, reserved 1048576K
Event: 1061.439 GC heap after
Heap after GC invocations=36 (full 3):
 PSYoungGen      total 187904K, used 36877K [0x00000007b0000000, 0x00000007c0000000, 0x00000007c0000000)
  eden space 150528K, 0% used [0x00000007b0000000,0x00000007b0000000,0x00000007b9300000)
  from space 37376K, 98% used [0x00000007b9300000,0x00000007bb7035b8,0x00000007bb780000)
  to   space 56320K, 0% used [0x00000007bc900000,0x00000007bc900000,0x00000007c0000000)
 ParOldGen       total 524288K, used 81011K [0x0000000790000000, 0x00000007b0000000, 0x00000007b0000000)
  object space 524288K, 15% used [0x0000000790000000,0x0000000794f1cf60,0x00000007b0000000)
 Metaspace       used 69543K, capacity 73852K, committed 74152K, reserved 1112064K
  class space    used 9189K, capacity 10616K, committed 10672K, reserved 1048576K
}

