# JRE version: Java(TM) SE Runtime Environment (8.0_161-b12) (build 1.8.0_161-b12)
# Java VM: Java HotSpot(TM) 64-Bit Server VM (25.161-b12 mixed mode bsd-amd64 compressed oops)
Heap:
 PSYoungGen      total 227840K, used 55538K [0x00000007b0000000, 0x00000007c0000000, 0x00000007c0000000)
  eden space 195584K, 17% used [0x00000007b0000000,0x00000007b2206ef0,0x00000007bbf00000)
  from space 32256K, 64% used [0x00000007be080000,0x00000007bf4b5d08,0x00000007c0000000)
  to   space 33280K, 0% used [0x00000007bbf00000,0x00000007bbf00000,0x00000007bdf80000)
 ParOldGen       total 524288K, used 109011K [0x0000000790000000, 0x00000007b0000000, 0x00000007b0000000)
  object space 524288K, 20% used [0x0000000790000000,0x0000000796a74e00,0x00000007b0000000)
 Metaspace       used 78338K, capacity 84484K, committed 84632K, reserved 1122304K
  class space    used 10122K, capacity 11945K, committed 11952K, reserved 1048576K
GC Heap History (10 events):
Event: 4875.660 GC heap before
{Heap before GC invocations=57 (full 3):
 PSYoungGen      total 226304K, used 198548K [0x00000007b0000000, 0x00000007c0000000, 0x00000007c0000000)
  eden space 190976K, 100% used [0x00000007b0000000,0x00000007bba80000,0x00000007bba80000)
  from space 35328K, 21% used [0x00000007bba80000,0x00000007bc1e5348,0x00000007bdd00000)
  to   space 34816K, 0% used [0x00000007bde00000,0x00000007bde00000,0x00000007c0000000)
 ParOldGen       total 524288K, used 107875K [0x0000000790000000, 0x00000007b0000000, 0x00000007b0000000)
  object space 524288K, 20% used [0x0000000790000000,0x0000000796958e00,0x00000007b0000000)
 Metaspace       used 75475K, capacity 81114K, committed 81304K, reserved 1120256K
  class space    used 9806K, capacity 11431K, committed 11440K, reserved 1048576K
Event: 4875.669 GC heap after
Heap after GC invocations=57 (full 3):
 PSYoungGen      total 228352K, used 7707K [0x00000007b0000000, 0x00000007c0000000, 0x00000007c0000000)
  eden space 193536K, 0% used [0x00000007b0000000,0x00000007b0000000,0x00000007bbd00000)
  from space 34816K, 22% used [0x00000007bde00000,0x00000007be586df0,0x00000007c0000000)
  to   space 33792K, 0% used [0x00000007bbd00000,0x00000007bbd00000,0x00000007bde00000)
 ParOldGen       total 524288K, used 108331K [0x0000000790000000, 0x00000007b0000000, 0x00000007b0000000)
  object space 524288K, 20% used [0x0000000790000000,0x00000007969cae00,0x00000007b0000000)
 Metaspace       used 75475K, capacity 81114K, committed 81304K, reserved 1120256K
  class space    used 9806K, capacity 11431K, committed 11440K, reserved 1048576K
}
Event: 5113.395 GC heap before
{Heap before GC invocations=58 (full 3):
 PSYoungGen      total 228352K, used 201243K [0x00000007b0000000, 0x00000007c0000000, 0x00000007c0000000)
  eden space 193536K, 100% used [0x00000007b0000000,0x00000007bbd00000,0x00000007bbd00000)
  from space 34816K, 22% used [0x00000007bde00000,0x00000007be586df0,0x00000007c0000000)
  to   space 33792K, 0% used [0x00000007bbd00000,0x00000007bbd00000,0x00000007bde00000)
 ParOldGen       total 524288K, used 108331K [0x0000000790000000, 0x00000007b0000000, 0x00000007b0000000)
  object space 524288K, 20% used [0x0000000790000000,0x00000007969cae00,0x00000007b0000000)
 Metaspace       used 75906K, capacity 81730K, committed 81944K, reserved 1120256K
  class space    used 9873K, capacity 11551K, committed 11568K, reserved 1048576K
Event: 5113.412 GC heap after
Heap after GC invocations=58 (full 3):
 PSYoungGen      total 227328K, used 6722K [0x00000007b0000000, 0x00000007c0000000, 0x00000007c0000000)
  eden space 193536K, 0% used [0x00000007b0000000,0x00000007b0000000,0x00000007bbd00000)
  from space 33792K, 19% used [0x00000007bbd00000,0x00000007bc390918,0x00000007bde00000)
  to   space 33280K, 0% used [0x00000007bdf80000,0x00000007bdf80000,0x00000007c0000000)
 ParOldGen       total 524288K, used 108403K [0x0000000790000000, 0x00000007b0000000, 0x00000007b0000000)
  object space 524288K, 20% used [0x0000000790000000,0x00000007969dce00,0x00000007b0000000)
 Metaspace       used 75906K, capacity 81730K, committed 81944K, reserved 1120256K
  class space    used 9873K, capacity 11551K, committed 11568K, reserved 1048576K
}
Event: 5184.635 GC heap before
{Heap before GC invocations=59 (full 3):
 PSYoungGen      total 227328K, used 200258K [0x00000007b0000000, 0x00000007c0000000, 0x00000007c0000000)
  eden space 193536K, 100% used [0x00000007b0000000,0x00000007bbd00000,0x00000007bbd00000)
  from space 33792K, 19% used [0x00000007bbd00000,0x00000007bc390918,0x00000007bde00000)
  to   space 33280K, 0% used [0x00000007bdf80000,0x00000007bdf80000,0x00000007c0000000)
 ParOldGen       total 524288K, used 108403K [0x0000000790000000, 0x00000007b0000000, 0x00000007b0000000)
  object space 524288K, 20% used [0x0000000790000000,0x00000007969dce00,0x00000007b0000000)
 Metaspace       used 76208K, capacity 82200K, committed 82328K, reserved 1120256K
  class space    used 9918K, capacity 11664K, committed 11696K, reserved 1048576K
Event: 5184.642 GC heap after
Heap after GC invocations=59 (full 3):
 PSYoungGen      total 229888K, used 7330K [0x00000007b0000000, 0x00000007c0000000, 0x00000007c0000000)
  eden space 196608K, 0% used [0x00000007b0000000,0x00000007b0000000,0x00000007bc000000)
  from space 33280K, 22% used [0x00000007bdf80000,0x00000007be6a8930,0x00000007c0000000)
  to   space 32256K, 0% used [0x00000007bc000000,0x00000007bc000000,0x00000007bdf80000)
 ParOldGen       total 524288K, used 108499K [0x0000000790000000, 0x00000007b0000000, 0x00000007b0000000)
  object space 524288K, 20% used [0x0000000790000000,0x00000007969f4e00,0x00000007b0000000)
 Metaspace       used 76208K, capacity 82200K, committed 82328K, reserved 1120256K
  class space    used 9918K, capacity 11664K, committed 11696K, reserved 1048576K
}
Event: 5484.882 GC heap before
{Heap before GC invocations=60 (full 3):
 PSYoungGen      total 229888K, used 203938K [0x00000007b0000000, 0x00000007c0000000, 0x00000007c0000000)
  eden space 196608K, 100% used [0x00000007b0000000,0x00000007bc000000,0x00000007bc000000)
  from space 33280K, 22% used [0x00000007bdf80000,0x00000007be6a8930,0x00000007c0000000)
  to   space 32256K, 0% used [0x00000007bc000000,0x00000007bc000000,0x00000007bdf80000)
 ParOldGen       total 524288K, used 108499K [0x0000000790000000, 0x00000007b0000000, 0x00000007b0000000)
  object space 524288K, 20% used [0x0000000790000000,0x00000007969f4e00,0x00000007b0000000)
 Metaspace       used 77484K, capacity 83522K, committed 83736K, reserved 1122304K
  class space    used 10029K, capacity 11816K, committed 11824K, reserved 1048576K
Event: 5484.897 GC heap after
Heap after GC invocations=60 (full 3):
 PSYoungGen      total 228864K, used 18023K [0x00000007b0000000, 0x00000007c0000000, 0x00000007c0000000)
  eden space 196608K, 0% used [0x00000007b0000000,0x00000007b0000000,0x00000007bc000000)
  from space 32256K, 55% used [0x00000007bc000000,0x00000007bd199db0,0x00000007bdf80000)
  to   space 32256K, 0% used [0x00000007be080000,0x00000007be080000,0x00000007c0000000)
 ParOldGen       total 524288K, used 108843K [0x0000000790000000, 0x00000007b0000000, 0x00000007b0000000)
  object space 524288K, 20% used [0x0000000790000000,0x0000000796a4ae00,0x00000007b0000000)
 Metaspace       used 77484K, capacity 83522K, committed 83736K, reserved 1122304K
  class space    used 10029K, capacity 11816K, committed 11824K, reserved 1048576K
}
Event: 5784.867 GC heap before
{Heap before GC invocations=61 (full 3):
 PSYoungGen      total 228864K, used 214631K [0x00000007b0000000, 0x00000007c0000000, 0x00000007c0000000)
  eden space 196608K, 100% used [0x00000007b0000000,0x00000007bc000000,0x00000007bc000000)
  from space 32256K, 55% used [0x00000007bc000000,0x00000007bd199db0,0x00000007bdf80000)
  to   space 32256K, 0% used [0x00000007be080000,0x00000007be080000,0x00000007c0000000)
 ParOldGen       total 524288K, used 108843K [0x0000000790000000, 0x00000007b0000000, 0x00000007b0000000)
  object space 524288K, 20% used [0x0000000790000000,0x0000000796a4ae00,0x00000007b0000000)
 Metaspace       used 78253K, capacity 84358K, committed 84632K, reserved 1122304K
  class space    used 10101K, capacity 11904K, committed 11952K, reserved 1048576K
Event: 5784.884 GC heap after
Heap after GC invocations=61 (full 3):
 PSYoungGen      total 227840K, used 20695K [0x00000007b0000000, 0x00000007c0000000, 0x00000007c0000000)
  eden space 195584K, 0% used [0x00000007b0000000,0x00000007b0000000,0x00000007bbf00000)
  from space 32256K, 64% used [0x00000007be080000,0x00000007bf4b5d08,0x00000007c0000000)
  to   space 33280K, 0% used [0x00000007bbf00000,0x00000007bbf00000,0x00000007bdf80000)
 ParOldGen       total 524288K, used 109011K [0x0000000790000000, 0x00000007b0000000, 0x00000007b0000000)
  object space 524288K, 20% used [0x0000000790000000,0x0000000796a74e00,0x00000007b0000000)
 Metaspace       used 78253K, capacity 84358K, committed 84632K, reserved 1122304K
  class space    used 10101K, capacity 11904K, committed 11952K, reserved 1048576K
}

